0 info it worked if it ends with ok
1 verbose cli [ 'C:\\Program Files\\nodejs\\node.exe',
1 verbose cli   'C:\\Program Files\\nodejs\\node_modules\\npm\\bin\\npm-cli.js',
1 verbose cli   'install',
1 verbose cli   'facebook_node_sdk' ]
2 info using npm@1.4.28
3 info using node@v0.10.33
4 warn package.json AdminLTE@2.0.3 No repository field.
5 verbose readDependencies using package.json deps
6 verbose cache add [ 'facebook_node_sdk', null ]
7 verbose cache add name=undefined spec="facebook_node_sdk" args=["facebook_node_sdk",null]
8 verbose parsed url { protocol: null,
8 verbose parsed url   slashes: null,
8 verbose parsed url   auth: null,
8 verbose parsed url   host: null,
8 verbose parsed url   port: null,
8 verbose parsed url   hostname: null,
8 verbose parsed url   hash: null,
8 verbose parsed url   search: null,
8 verbose parsed url   query: null,
8 verbose parsed url   pathname: 'facebook_node_sdk',
8 verbose parsed url   path: 'facebook_node_sdk',
8 verbose parsed url   href: 'facebook_node_sdk' }
9 silly lockFile 86759ac2-facebook-node-sdk facebook_node_sdk
10 verbose lock facebook_node_sdk C:\Utilisateurs\a528303\AppData\Roaming\npm-cache\86759ac2-facebook-node-sdk.lock
11 silly lockFile 86759ac2-facebook-node-sdk facebook_node_sdk
12 silly lockFile 86759ac2-facebook-node-sdk facebook_node_sdk
13 verbose addNamed [ 'facebook_node_sdk', '' ]
14 verbose addNamed [ null, '*' ]
15 silly lockFile ee08faa5-facebook-node-sdk facebook_node_sdk@
16 verbose lock facebook_node_sdk@ C:\Utilisateurs\a528303\AppData\Roaming\npm-cache\ee08faa5-facebook-node-sdk.lock
17 silly addNameRange { name: 'facebook_node_sdk', range: '*', hasData: false }
18 verbose request where is /facebook_node_sdk
19 verbose request registry https://registry.npmjs.org/
20 verbose request id 91051aabad708e71
21 verbose url raw /facebook_node_sdk
22 verbose url resolving [ 'https://registry.npmjs.org/', './facebook_node_sdk' ]
23 verbose url resolved https://registry.npmjs.org/facebook_node_sdk
24 verbose request where is https://registry.npmjs.org/facebook_node_sdk
25 info trying registry request attempt 1 at 11:56:08
26 http GET https://registry.npmjs.org/facebook_node_sdk
27 http 404 https://registry.npmjs.org/facebook_node_sdk
28 verbose headers { server: 'CouchDB/1.5.0 (Erlang OTP/R16B03)',
28 verbose headers   'content-type': 'application/json',
28 verbose headers   'cache-control': 'max-age=0',
28 verbose headers   'content-length': '51',
28 verbose headers   'accept-ranges': 'bytes',
28 verbose headers   date: 'Wed, 06 May 2015 09:56:09 GMT',
28 verbose headers   via: '1.1 varnish',
28 verbose headers   age: '0',
28 verbose headers   connection: 'keep-alive',
28 verbose headers   'x-served-by': 'cache-fra1220-FRA',
28 verbose headers   'x-cache': 'MISS',
28 verbose headers   'x-cache-hits': '0',
28 verbose headers   'x-timer': 'S1430906169.267827,VS0,VE180' }
29 silly registry.get cb [ 404,
29 silly registry.get   { server: 'CouchDB/1.5.0 (Erlang OTP/R16B03)',
29 silly registry.get     'content-type': 'application/json',
29 silly registry.get     'cache-control': 'max-age=0',
29 silly registry.get     'content-length': '51',
29 silly registry.get     'accept-ranges': 'bytes',
29 silly registry.get     date: 'Wed, 06 May 2015 09:56:09 GMT',
29 silly registry.get     via: '1.1 varnish',
29 silly registry.get     age: '0',
29 silly registry.get     connection: 'keep-alive',
29 silly registry.get     'x-served-by': 'cache-fra1220-FRA',
29 silly registry.get     'x-cache': 'MISS',
29 silly registry.get     'x-cache-hits': '0',
29 silly registry.get     'x-timer': 'S1430906169.267827,VS0,VE180' } ]
30 silly lockFile ee08faa5-facebook-node-sdk facebook_node_sdk@
31 silly lockFile ee08faa5-facebook-node-sdk facebook_node_sdk@
32 error 404 404 Not Found: facebook_node_sdk
32 error 404
32 error 404 'facebook_node_sdk' is not in the npm registry.
32 error 404 You should bug the author to publish it
32 error 404 It was specified as a dependency of 'AdminLTE'
32 error 404
32 error 404 Note that you can also install from a
32 error 404 tarball, folder, or http url, or git url.
33 error System Windows_NT 6.1.7601
34 error command "C:\\Program Files\\nodejs\\node.exe" "C:\\Program Files\\nodejs\\node_modules\\npm\\bin\\npm-cli.js" "install" "facebook_node_sdk"
35 error cwd C:\cygwin64\home\a528303\facefight-backoffice
36 error node -v v0.10.33
37 error npm -v 1.4.28
38 error code E404
39 verbose exit [ 1, true ]
